<?xml version="1.0" encoding="UTF-8"?>
<testsuite xmlns:xsi="http://www.w3.org/2001/XMLSchema-instance" xsi:noNamespaceSchemaLocation="https://maven.apache.org/surefire/maven-surefire-plugin/xsd/surefire-test-report-3.0.xsd" version="3.0" name="com.demo.api_consecionaria_autos.ApiConsecionariaAutosApplicationTests" time="7.076" tests="1" errors="0" skipped="0" failures="0">
  <properties>
[...]
</properties>
  <testcase name="contextLoads" classname="com.demo.api_consecionaria_autos.ApiConsecionariaAutosApplicationTests" time="0.717">
    <system-out><![CDATA[11:18:15.087 [main] INFO org.springframework.test.context.support.AnnotationConfigContextLoaderUtils -- Could not detect default configuration classes for test class [com.demo.api_consecionaria_autos.ApiConsecionariaAutosApplicationTests]: ApiConsecionariaAutosApplicationTests does not declare any static, non-private, non-final, nested classes annotated with @Configuration.
11:18:15.242 [main] INFO org.springframework.boot.test.context.SpringBootTestContextBootstrapper -- Found @SpringBootConfiguration com.demo.api_consecionaria_autos.ApiConsecionariaAutosApplication for test class com.demo.api_consecionaria_autos.ApiConsecionariaAutosApplicationTests
11:18:15.488 [main] INFO org.springframework.boot.devtools.restart.RestartApplicationListener -- Restart disabled due to context in which it is running

  .   ____          _            __ _ _
 /\\ / ___'_ __ _ _(_)_ __  __ _ \ \ \ \
( ( )\___ | '_ | '_| | '_ \/ _` | \ \ \ \
 \\/  ___)| |_)| | | | | || (_| |  ) ) ) )
  '  |____| .__|_| |_|_| |_\__, | / / / /
 =========|_|==============|___/=/_/_/_/
 :: Spring Boot ::                (v3.1.5)

2024-01-02T11:18:15.838-03:00  INFO 12652 --- [           main] .a.ApiConsecionariaAutosApplicationTests : Starting ApiConsecionariaAutosApplicationTests using Java 17.0.7 with PID 12652 (started by nico- in Z:\YoProgramo\Mis Proyectos\api_consecionaria_autos)
2024-01-02T11:18:15.841-03:00  INFO 12652 --- [           main] .a.ApiConsecionariaAutosApplicationTests : No active profile set, falling back to 1 default profile: "default"
2024-01-02T11:18:16.787-03:00  INFO 12652 --- [           main] .s.d.r.c.RepositoryConfigurationDelegate : Bootstrapping Spring Data JPA repositories in DEFAULT mode.
2024-01-02T11:18:16.883-03:00  INFO 12652 --- [           main] .s.d.r.c.RepositoryConfigurationDelegate : Finished Spring Data repository scanning in 86 ms. Found 3 JPA repository interfaces.
2024-01-02T11:18:17.600-03:00  INFO 12652 --- [           main] com.zaxxer.hikari.HikariDataSource       : HikariPool-1 - Starting...
2024-01-02T11:18:17.900-03:00  INFO 12652 --- [           main] com.zaxxer.hikari.pool.HikariPool        : HikariPool-1 - Added connection conn0: url=jdbc:h2:mem:14fdbca3-9223-4fca-b9c0-d64acf3f5bae user=SA
2024-01-02T11:18:17.904-03:00  INFO 12652 --- [           main] com.zaxxer.hikari.HikariDataSource       : HikariPool-1 - Start completed.
2024-01-02T11:18:17.985-03:00  INFO 12652 --- [           main] o.hibernate.jpa.internal.util.LogHelper  : HHH000204: Processing PersistenceUnitInfo [name: default]
2024-01-02T11:18:18.084-03:00  INFO 12652 --- [           main] org.hibernate.Version                    : HHH000412: Hibernate ORM core version 6.2.13.Final
2024-01-02T11:18:18.087-03:00  INFO 12652 --- [           main] org.hibernate.cfg.Environment            : HHH000406: Using bytecode reflection optimizer
2024-01-02T11:18:18.528-03:00  INFO 12652 --- [           main] o.s.o.j.p.SpringPersistenceUnitInfo      : No LoadTimeWeaver setup: ignoring JPA class transformer
2024-01-02T11:18:18.726-03:00  WARN 12652 --- [           main] o.h.b.model.internal.AnnotationBinder    : HHH000503: A class should not be annotated with both @Inheritance and @MappedSuperclass. @Inheritance will be ignored for: com.demo.api_consecionaria_autos.model.Vehiculo.
2024-01-02T11:18:19.898-03:00  INFO 12652 --- [           main] o.h.e.t.j.p.i.JtaPlatformInitiator       : HHH000489: No JTA platform available (set 'hibernate.transaction.jta.platform' to enable JTA platform integration)
2024-01-02T11:18:19.951-03:00  INFO 12652 --- [           main] j.LocalContainerEntityManagerFactoryBean : Initialized JPA EntityManagerFactory for persistence unit 'default'
2024-01-02T11:18:20.674-03:00  WARN 12652 --- [           main] JpaBaseConfiguration$JpaWebConfiguration : spring.jpa.open-in-view is enabled by default. Therefore, database queries may be performed during view rendering. Explicitly configure spring.jpa.open-in-view to disable this warning
2024-01-02T11:18:21.184-03:00  INFO 12652 --- [           main] .a.ApiConsecionariaAutosApplicationTests : Started ApiConsecionariaAutosApplicationTests in 5.716 seconds (process running for 7.192)
]]></system-out>
  </testcase>
</testsuite>